Received web page at https://github.com/kamranzafar/treeing/blob/master/src/main/java/org/xeustechnologies/treeing/WebCrawler.java
Received web page at https://github.com/kamranzafar/treeing/blob/master/src/main/java/org/xeustechnologies/treeing/WebCrawler.java#start-of-content
Received web page at https://github.com/
Received web page at https://github.com/features
Received web page at https://github.com/business
Received web page at https://github.com/explore
Received web page at https://github.com/marketplace
Received web page at https://github.com/pricing
Received web page at https://github.com/login?return_to=%2Fkamranzafar%2Ftreeing%2Fblob%2Fmaster%2Fsrc%2Fmain%2Fjava%2Forg%2Fxeustechnologies%2Ftreeing%2FWebCrawler.java
Received web page at https://github.com/join?source=header-repo

**Done** Visited 10 web page(s)
Indexing https://github.com/kamranzafar/treeing/blob/master/src/main/java/org/xeustechnologies/treeing/WebCrawler.java
Indexing https://github.com/kamranzafar/treeing/blob/master/src/main/java/org/xeustechnologies/treeing/WebCrawler.java#start-of-content
Indexing https://github.com/
Indexing https://github.com/features
Indexing https://github.com/business
Indexing https://github.com/explore
Indexing https://github.com/marketplace
Indexing https://github.com/pricing
Indexing https://github.com/login?return_to=%2Fkamranzafar%2Ftreeing%2Fblob%2Fmaster%2Fsrc%2Fmain%2Fjava%2Forg%2Fxeustechnologies%2Ftreeing%2FWebCrawler.java
Indexing https://github.com/join?source=header-repo
36 Files indexed, time taken: 5183 ms
Received web page at https://github.com/
Received web page at https://github.com/#start-of-content
Received web page at https://github.com/features
Received web page at https://github.com/business
Received web page at https://github.com/explore
Received web page at https://github.com/marketplace
Received web page at https://github.com/pricing
Received web page at https://github.com/dashboard
Received web page at https://github.com/login
Received web page at https://github.com/join?source=header-home

**Done** Visited 10 web page(s)
Indexing https://github.com/
Indexing https://github.com/#start-of-content
Indexing https://github.com/features
Indexing https://github.com/business
Indexing https://github.com/explore
Indexing https://github.com/marketplace
Indexing https://github.com/pricing
Indexing https://github.com/dashboard
Indexing https://github.com/login
Indexing https://github.com/join?source=header-home
40 Files indexed, time taken: 4326 ms
